
Cadence Innovus(TM) Implementation System.
Copyright 2020 Cadence Design Systems, Inc. All rights reserved worldwide.

Version:	v20.15-s105_1, built Tue Jul 27 14:15:35 PDT 2021
Options:	
Date:		Sun May  8 19:57:02 2022
Host:		lnissrv4 (x86_64 w/Linux 4.18.0-348.20.1.el8_5.x86_64) (16cores*64cpus*Intel(R) Xeon(R) Gold 6142 CPU @ 2.60GHz 22528KB)
OS:		Red Hat Enterprise Linux release 8.5 (Ootpa)

License:
		invs	Innovus Implementation System	20.1	checkout succeeded
		8 CPU jobs allowed with the current license(s). Use setMultiCpuUsage to set your required CPU count.
Change the soft stacksize limit to 0.2%RAM (1029 mbytes). Set global soft_stack_size_limit to change the value.

**INFO:  MMMC transition support version v31-84 

<CMD> set_global _enable_mmmc_by_default_flow      $CTE::mmmc_default
<CMD> suppressMessage ENCEXT-2799
<CMD> win
<CMD> set init_verilog ./design_files/nb_mult.dcopt.v
<CMD> set init_top_cell nb_mult
<CMD> set init_lef_file /home/ece6770/proj/innovus_files/cmos10sfrvt_a12_macros.lef
<CMD> set init_pwr_net vdd!
<CMD> set init_gnd_net vss!
<CMD> set init_mmmc_file ./mmmc.tcl
<CMD> init_design
#% Begin Load MMMC data ... (date=05/08 19:58:03, mem=825.4M)
#% End Load MMMC data ... (date=05/08 19:58:03, total cpu=0:00:00.0, real=0:00:01.0, peak res=826.2M, current mem=826.2M)
typical_rc

Loading LEF file /home/ece6770/proj/innovus_files/cmos10sfrvt_a12_macros.lef ...
WARNING (LEFPARS-2007): NAMESCASESENSITIVE statement is obsolete in version 5.6 and later.
The LEF parser will ignore this statement.
To avoid this warning in the future, remove this statement from the LEF file with version 5.6 or later. See file /home/ece6770/proj/innovus_files/cmos10sfrvt_a12_macros.lef at line 51.
Set DBUPerIGU to M2 pitch 400.
**WARN: (IMPLF-200):	Pin 'A' in macro 'ANTENNAA12TR' has no ANTENNAGATEAREA value defined. The library data is incomplete and some process antenna rules will not be checked correctly.
Type 'man IMPLF-200' for more detail.

viaInitial starts at Sun May  8 19:58:04 2022
viaInitial ends at Sun May  8 19:58:04 2022

##  Check design process and node:  
##  Both design process and tech node are not set.

Loading view definition file from ./mmmc.tcl
Reading typical_lib timing library '/home/ece6770/s22/allen_boston/lab7/scadv12_cmos10sf_rvt_tt_1p0v_25c.lib' ...
**WARN: (TECHLIB-302):	No function defined for cell 'FILLEGCAPTIE9A12TR'. The cell will only be used for analysis. (File /home/ece6770/s22/allen_boston/lab7/scadv12_cmos10sf_rvt_tt_1p0v_25c.lib)
**WARN: (TECHLIB-302):	No function defined for cell 'FILLEGCAPTIE8A12TR'. The cell will only be used for analysis. (File /home/ece6770/s22/allen_boston/lab7/scadv12_cmos10sf_rvt_tt_1p0v_25c.lib)
**WARN: (TECHLIB-302):	No function defined for cell 'FILLEGCAPTIE63A12TR'. The cell will only be used for analysis. (File /home/ece6770/s22/allen_boston/lab7/scadv12_cmos10sf_rvt_tt_1p0v_25c.lib)
**WARN: (TECHLIB-302):	No function defined for cell 'FILLEGCAPTIE33A12TR'. The cell will only be used for analysis. (File /home/ece6770/s22/allen_boston/lab7/scadv12_cmos10sf_rvt_tt_1p0v_25c.lib)
**WARN: (TECHLIB-302):	No function defined for cell 'FILLEGCAPTIE15A12TR'. The cell will only be used for analysis. (File /home/ece6770/s22/allen_boston/lab7/scadv12_cmos10sf_rvt_tt_1p0v_25c.lib)
**WARN: (TECHLIB-302):	No function defined for cell 'FILLEGCAPTIE129A12TR'. The cell will only be used for analysis. (File /home/ece6770/s22/allen_boston/lab7/scadv12_cmos10sf_rvt_tt_1p0v_25c.lib)
**WARN: (TECHLIB-302):	No function defined for cell 'FILLEGCAP9A12TR'. The cell will only be used for analysis. (File /home/ece6770/s22/allen_boston/lab7/scadv12_cmos10sf_rvt_tt_1p0v_25c.lib)
**WARN: (TECHLIB-302):	No function defined for cell 'FILLEGCAP8A12TR'. The cell will only be used for analysis. (File /home/ece6770/s22/allen_boston/lab7/scadv12_cmos10sf_rvt_tt_1p0v_25c.lib)
**WARN: (TECHLIB-302):	No function defined for cell 'FILLEGCAP63A12TR'. The cell will only be used for analysis. (File /home/ece6770/s22/allen_boston/lab7/scadv12_cmos10sf_rvt_tt_1p0v_25c.lib)
**WARN: (TECHLIB-302):	No function defined for cell 'FILLEGCAP33A12TR'. The cell will only be used for analysis. (File /home/ece6770/s22/allen_boston/lab7/scadv12_cmos10sf_rvt_tt_1p0v_25c.lib)
**WARN: (TECHLIB-302):	No function defined for cell 'FILLEGCAP15A12TR'. The cell will only be used for analysis. (File /home/ece6770/s22/allen_boston/lab7/scadv12_cmos10sf_rvt_tt_1p0v_25c.lib)
**WARN: (TECHLIB-302):	No function defined for cell 'FILLEGCAP129A12TR'. The cell will only be used for analysis. (File /home/ece6770/s22/allen_boston/lab7/scadv12_cmos10sf_rvt_tt_1p0v_25c.lib)
**WARN: (TECHLIB-302):	No function defined for cell 'FILLDGCAPTIE9A12TR'. The cell will only be used for analysis. (File /home/ece6770/s22/allen_boston/lab7/scadv12_cmos10sf_rvt_tt_1p0v_25c.lib)
**WARN: (TECHLIB-302):	No function defined for cell 'FILLDGCAPTIE8A12TR'. The cell will only be used for analysis. (File /home/ece6770/s22/allen_boston/lab7/scadv12_cmos10sf_rvt_tt_1p0v_25c.lib)
**WARN: (TECHLIB-302):	No function defined for cell 'FILLDGCAPTIE65A12TR'. The cell will only be used for analysis. (File /home/ece6770/s22/allen_boston/lab7/scadv12_cmos10sf_rvt_tt_1p0v_25c.lib)
**WARN: (TECHLIB-302):	No function defined for cell 'FILLDGCAPTIE33A12TR'. The cell will only be used for analysis. (File /home/ece6770/s22/allen_boston/lab7/scadv12_cmos10sf_rvt_tt_1p0v_25c.lib)
**WARN: (TECHLIB-302):	No function defined for cell 'FILLDGCAPTIE17A12TR'. The cell will only be used for analysis. (File /home/ece6770/s22/allen_boston/lab7/scadv12_cmos10sf_rvt_tt_1p0v_25c.lib)
**WARN: (TECHLIB-302):	No function defined for cell 'FILLDGCAPTIE129A12TR'. The cell will only be used for analysis. (File /home/ece6770/s22/allen_boston/lab7/scadv12_cmos10sf_rvt_tt_1p0v_25c.lib)
**WARN: (TECHLIB-302):	No function defined for cell 'FILLDGCAP9A12TR'. The cell will only be used for analysis. (File /home/ece6770/s22/allen_boston/lab7/scadv12_cmos10sf_rvt_tt_1p0v_25c.lib)
**WARN: (TECHLIB-302):	No function defined for cell 'FILLDGCAP8A12TR'. The cell will only be used for analysis. (File /home/ece6770/s22/allen_boston/lab7/scadv12_cmos10sf_rvt_tt_1p0v_25c.lib)
Message <TECHLIB-302> has exceeded the message display limit of '20'. Use 'set_message -no_limit -id list_of_msgIDs' to reset the message limit.
Read 902 cells in library 'scadv12_cmos10sf_rvt_tt_1p0v_25c' 
*** End library_loading (cpu=0.02min, real=0.02min, mem=58.5M, fe_cpu=0.29min, fe_real=1.05min, fe_mem=835.0M) ***
#% Begin Load netlist data ... (date=05/08 19:58:05, mem=856.0M)
*** Begin netlist parsing (mem=835.0M) ***
Created 902 new cells from 1 timing libraries.
Reading netlist ...
Backslashed names will retain backslash and a trailing blank character.
Reading verilog netlist './design_files/nb_mult.dcopt.v'

*** Memory Usage v#1 (Current mem = 835.004M, initial mem = 298.191M) ***
*** End netlist parsing (cpu=0:00:00.0, real=0:00:00.0, mem=835.0M) ***
#% End Load netlist data ... (date=05/08 19:58:05, total cpu=0:00:00.0, real=0:00:00.0, peak res=878.0M, current mem=878.0M)
Set top cell to nb_mult.
Hooked 902 DB cells to tlib cells.
Starting recursive module instantiation check.
No recursion found.
Building hierarchical netlist for Cell nb_mult ...
*** Netlist is unique.
Set DBUPerIGU to techSite cmos10sfadv12 width 500.
** info: there are 923 modules.
** info: there are 63 stdCell insts.

*** Memory Usage v#1 (Current mem = 875.418M, initial mem = 298.191M) ***
Start create_tracks
Set Default Net Delay as 1000 ps.
Set Default Net Load as 0.5 pF. 
Set Default Input Pin Transition as 0.1 ps.
Extraction setup Started 
Initializing multi-corner RC extraction with 1 active RC Corners ...
**WARN: (IMPEXT-2773):	The via resistance between layers M0 and M1 could not be determined from the LEF technology file because the via resistance specification is missing. A default of 4 Ohms will be used as via resistance between these layers.
Type 'man IMPEXT-2773' for more detail.
**WARN: (IMPEXT-2773):	The via resistance between layers M1 and M2 could not be determined from the LEF technology file because the via resistance specification is missing. A default of 4 Ohms will be used as via resistance between these layers.
Type 'man IMPEXT-2773' for more detail.
**WARN: (IMPEXT-2773):	The via resistance between layers M2 and M3 could not be determined from the LEF technology file because the via resistance specification is missing. A default of 4 Ohms will be used as via resistance between these layers.
Type 'man IMPEXT-2773' for more detail.
**WARN: (IMPEXT-2773):	The via resistance between layers M3 and M4 could not be determined from the LEF technology file because the via resistance specification is missing. A default of 4 Ohms will be used as via resistance between these layers.
Type 'man IMPEXT-2773' for more detail.
**WARN: (IMPEXT-2773):	The via resistance between layers M4 and M5 could not be determined from the LEF technology file because the via resistance specification is missing. A default of 4 Ohms will be used as via resistance between these layers.
Type 'man IMPEXT-2773' for more detail.
**WARN: (IMPEXT-2773):	The via resistance between layers M5 and M6 could not be determined from the LEF technology file because the via resistance specification is missing. A default of 4 Ohms will be used as via resistance between these layers.
Type 'man IMPEXT-2773' for more detail.
**WARN: (IMPEXT-2773):	The via resistance between layers M6 and M7 could not be determined from the LEF technology file because the via resistance specification is missing. A default of 4 Ohms will be used as via resistance between these layers.
Type 'man IMPEXT-2773' for more detail.
**WARN: (IMPEXT-2773):	The via resistance between layers M7 and M8 could not be determined from the LEF technology file because the via resistance specification is missing. A default of 4 Ohms will be used as via resistance between these layers.
Type 'man IMPEXT-2773' for more detail.
**WARN: (IMPEXT-2766):	The sheet resistance for layer M1 is not defined in the cap table. Therefore, the LEF value 0.229 will be used instead. To avoid this message, update the relevant cap table to include the sheet resistance for the specified layer and read it back in.
**WARN: (IMPEXT-2766):	The sheet resistance for layer M2 is not defined in the cap table. Therefore, the LEF value 0.1649 will be used instead. To avoid this message, update the relevant cap table to include the sheet resistance for the specified layer and read it back in.
**WARN: (IMPEXT-2766):	The sheet resistance for layer M3 is not defined in the cap table. Therefore, the LEF value 0.1649 will be used instead. To avoid this message, update the relevant cap table to include the sheet resistance for the specified layer and read it back in.
**WARN: (IMPEXT-2766):	The sheet resistance for layer M4 is not defined in the cap table. Therefore, the LEF value 0.1649 will be used instead. To avoid this message, update the relevant cap table to include the sheet resistance for the specified layer and read it back in.
**WARN: (IMPEXT-2766):	The sheet resistance for layer M5 is not defined in the cap table. Therefore, the LEF value 0.0752 will be used instead. To avoid this message, update the relevant cap table to include the sheet resistance for the specified layer and read it back in.
**WARN: (IMPEXT-2766):	The sheet resistance for layer M6 is not defined in the cap table. Therefore, the LEF value 0.0752 will be used instead. To avoid this message, update the relevant cap table to include the sheet resistance for the specified layer and read it back in.
**WARN: (IMPEXT-2766):	The sheet resistance for layer M7 is not defined in the cap table. Therefore, the LEF value 0.0752 will be used instead. To avoid this message, update the relevant cap table to include the sheet resistance for the specified layer and read it back in.
**WARN: (IMPEXT-2766):	The sheet resistance for layer M8 is not defined in the cap table. Therefore, the LEF value 0.0275 will be used instead. To avoid this message, update the relevant cap table to include the sheet resistance for the specified layer and read it back in.
Summary of Active RC-Corners : 
 
 Analysis View: typical_view
    RC-Corner Name        : typical_rc
    RC-Corner Index       : 0
    RC-Corner Temperature : 25 Celsius
    RC-Corner Cap Table   : ''
    RC-Corner PreRoute Res Factor         : 1
    RC-Corner PreRoute Cap Factor         : 1
    RC-Corner PostRoute Res Factor        : 1 {1 1 1}
    RC-Corner PostRoute Cap Factor        : 1 {1 1 1}
    RC-Corner PostRoute XCap Factor       : 1 {1 1 1}
    RC-Corner PreRoute Clock Res Factor   : 1
    RC-Corner PreRoute Clock Cap Factor   : 1	[Derived from Cap Table]
    RC-Corner PostRoute Clock Cap Factor  : 1 {1 1 1} 	[Derived from postRoute_cap (effortLevel low)]
    RC-Corner PostRoute Clock Res Factor  : 1 {1 1 1} 	[Derived from postRoute_res (effortLevel low)]
Updating RC grid for preRoute extraction ...
Initializing multi-corner resistance tables ...
*Info: initialize multi-corner CTS.
Reading timing constraints file '../pnr/design_files/nb_mult.dcopt.sdc' ...
Current (total cpu=0:00:18.0, real=0:01:04, peak res=1137.9M, current mem=1137.9M)
**WARN: (TCLCMD-1461):	Skipped unsupported command: set_units (File ../pnr/design_files/nb_mult.dcopt.sdc, Line 9).

**WARN: (TCLCMD-1013):	The SDC set_operating_conditions assertion is not supported. Please use the Innovus setOpCond command to specify library and operating condition information. Use the setAnalysisMode command to control single vs. bestCase/worstCase vs. on-chip variation timing analysis. (File ../pnr/design_files/nb_mult.dcopt.sdc, Line 10).

INFO (CTE): Reading of timing constraints file ../pnr/design_files/nb_mult.dcopt.sdc completed, with 2 WARNING
Ending "Constraint file reading stats" (total cpu=0:00:00.1, real=0:00:00.0, peak res=1158.2M, current mem=1158.2M)
Current (total cpu=0:00:18.0, real=0:01:04, peak res=1158.2M, current mem=1158.2M)
Total number of combinational cells: 639
Total number of sequential cells: 254
Total number of tristate cells: 9
Total number of level shifter cells: 0
Total number of power gating cells: 0
Total number of isolation cells: 0
Total number of power switch cells: 0
Total number of pulse generator cells: 0
Total number of always on buffers: 0
Total number of retention cells: 0
List of usable buffers: FRICGX0P5BA12TR FRICGX0P6BA12TR FRICGX0P8BA12TR FRICGX0P7BA12TR FRICGX11BA12TR FRICGX13BA12TR FRICGX16BA12TR FRICGX1BA12TR FRICGX1P2BA12TR FRICGX1P4BA12TR FRICGX2BA12TR FRICGX1P7BA12TR FRICGX3BA12TR FRICGX2P5BA12TR FRICGX4BA12TR FRICGX3P5BA12TR FRICGX5BA12TR FRICGX6BA12TR FRICGX7P5BA12TR FRICGX9BA12TR BUFHX0P8A12TR BUFHX0P7A12TR BUFHX11A12TR BUFHX13A12TR BUFHX16A12TR BUFHX1A12TR BUFHX1P4A12TR BUFHX1P2A12TR BUFHX2A12TR BUFHX1P7A12TR BUFHX3A12TR BUFHX2P5A12TR BUFHX4A12TR BUFHX3P5A12TR BUFHX5A12TR BUFHX6A12TR BUFHX7P5A12TR BUFHX9A12TR BUFX0P7A12TR BUFX0P7BA12TR BUFX0P8BA12TR BUFX0P8A12TR BUFX11BA12TR BUFX11A12TR BUFX13BA12TR BUFX13A12TR BUFX16A12TR BUFX16BA12TR BUFX1A12TR BUFX1BA12TR BUFX1P2A12TR BUFX1P2BA12TR BUFX1P4A12TR BUFX1P4BA12TR BUFX1P7A12TR BUFX1P7BA12TR BUFX2BA12TR BUFX2A12TR BUFX2P5A12TR BUFX3BA12TR BUFX2P5BA12TR BUFX3A12TR BUFX3P5A12TR BUFX3P5BA12TR BUFX4BA12TR BUFX4A12TR BUFX5BA12TR BUFX5A12TR BUFX6BA12TR BUFX6A12TR BUFX7P5BA12TR BUFX7P5A12TR BUFX9A12TR BUFX9BA12TR DLY2X0P5A12TR
Total number of usable buffers: 75
List of unusable buffers:
Total number of unusable buffers: 0
List of usable inverters: INVX0P5A12TR INVX0P5BA12TR INVX0P6A12TR INVX0P6BA12TR INVX0P7A12TR INVX0P7BA12TR INVX0P8BA12TR INVX0P8A12TR INVX11BA12TR INVX11A12TR INVX13BA12TR INVX13A12TR INVX16A12TR INVX16BA12TR INVX1A12TR INVX1BA12TR INVX1P2A12TR INVX1P2BA12TR INVX1P4A12TR INVX1P4BA12TR INVX1P7A12TR INVX1P7BA12TR INVX2BA12TR INVX2A12TR INVX2P5A12TR INVX2P5BA12TR INVX3BA12TR INVX3A12TR INVX3P5A12TR INVX3P5BA12TR INVX4BA12TR INVX4A12TR INVX5BA12TR INVX5A12TR INVX6BA12TR INVX6A12TR INVX7P5BA12TR INVX7P5A12TR INVX9BA12TR INVX9A12TR
Total number of usable inverters: 40
List of unusable inverters:
Total number of unusable inverters: 0
List of identified usable delay cells: DLY4X0P5A12TR
Total number of identified usable delay cells: 1
List of identified unusable delay cells:
Total number of identified unusable delay cells: 0
#% Begin Load MMMC data ... (date=05/08 19:58:06, mem=1181.1M)
#% End Load MMMC data ... (date=05/08 19:58:06, total cpu=0:00:00.0, real=0:00:00.0, peak res=1181.1M, current mem=1181.1M)

*** Summary of all messages that are not suppressed in this session:
Severity  ID               Count  Summary                                  
WARNING   IMPLF-200            1  Pin '%s' in macro '%s' has no ANTENNAGAT...
WARNING   IMPEXT-2766          8  The sheet resistance for layer %s is not...
WARNING   IMPEXT-2773          8  The via resistance between layers %s and...
WARNING   TCLCMD-1013          1  The SDC set_operating_conditions asserti...
WARNING   TCLCMD-1461          1  Skipped unsupported command: %s          
WARNING   TECHLIB-302         35  No function defined for cell '%s'. The c...
*** Message Summary: 54 warning(s), 0 error(s)

<CMD> setDrawView fplan
<CMD> floorPlan -r 0.5 0.7 12 12 12 12
Start create_tracks
**WARN: (IMPFP-325):	Floorplan of the design is resized. All current floorplan objects are automatically derived based on specified new floorplan. This may change blocks, fixed standard cells, existing routes and blockages.
<CMD> addRing -nets {vdd! vss!} -type core_rings -around user_defined -center 1 -spacing 1.8 -width 4.6 -offset 0 -threshold auto -layer {bottom BD top BD right LB left LB}
#% Begin addRing (date=05/08 19:58:06, mem=1184.3M)

Loading cell geometries (cpu: 0:00:00.0, real: 0:00:00.0, peak mem: 1151.3M)
Ring generation is complete.
vias are now being generated.
addRing created 8 wires.
ViaGen created 8 vias, deleted 0 via to avoid violation.
+--------+----------------+----------------+
|  Layer |     Created    |     Deleted    |
+--------+----------------+----------------+
|   BD   |        4       |       NA       |
|   VV   |        8       |        0       |
|   LB   |        4       |       NA       |
+--------+----------------+----------------+
#% End addRing (date=05/08 19:58:06, total cpu=0:00:00.0, real=0:00:00.0, peak res=1187.7M, current mem=1187.7M)
<CMD> addStripe -nets {vdd! vss!} -direction vertical -layer LB -width 4.8 -spacing 1.8 -xleft_offset 80 -set_to_set_distance 132 -block_ring_top_layer_limit LB -block_ring_bottom_layer_limit M1 -padcore_ring_bottom_layer_limit M1 -padcore_ring_top_layer_limit LB -stacked_via_top_layer LB -stacked_via_bottom_layer M1 -merge_stripes_value 10 -max_same_layer_jog_length 2.0 -snap_wire_center_to_grid Grid
#% Begin addStripe (date=05/08 19:58:06, mem=1187.7M)
**WARN: (IMPPP-4022):	Option "-xleft_offset" is obsolete and has been replaced by "-start_offset". The obsolete option still works in this release, but to avoid this warning and to ensure compatibility with future releases, update your script to use "-start_offset"..
**WARN: (IMPPP-4022):	Option "-stacked_via_top_layer" is obsolete and has been replaced by "setAddStripeMode -stacked_via_top_layer". The obsolete option still works in this release, but to avoid this warning and to ensure compatibility with future releases, update your script to use "setAddStripeMode -stacked_via_top_layer layerName"..
**WARN: (IMPPP-4022):	Option "-stacked_via_bottom_layer" is obsolete and has been replaced by "setAddStripeMode -stacked_via_bottom_layer". The obsolete option still works in this release, but to avoid this warning and to ensure compatibility with future releases, update your script to use "setAddStripeMode -stacked_via_bottom_layer layerName"..

Initialize fgc environment(mem: 1153.3M) ...  fail and won't use fgc to check drc(cpu: 0:00:00.0, real: 0:00:00.0, peak mem: 1153.3M)
Loading cell geometries (cpu: 0:00:00.0, real: 0:00:00.0, peak mem: 1153.3M)
Loading wires (cpu: 0:00:00.0, real: 0:00:00.0, peak mem: 1153.3M)
Loading via instances (cpu: 0:00:00.0, real: 0:00:00.0, peak mem: 1153.3M)
Starting stripe generation ...
Non-Default Mode Option Settings :
  NONE
#% End addStripe (date=05/08 19:58:06, total cpu=0:00:00.0, real=0:00:00.0, peak res=1188.2M, current mem=1186.5M)
<CMD> sroute -connect {blockPin padPin padRing corePin floatingStripe} -allowJogging true -allowLayerChange true -blockPin useLef -targetViaLayerRange {M1 LB}
#% Begin sroute (date=05/08 19:58:06, mem=1186.5M)
*** Begin SPECIAL ROUTE on Sun May  8 19:58:06 2022 ***
SPECIAL ROUTE ran on directory: /research/ece/lnis/USERS/boston/CryptoHW/NB_multiplier/nb_mult/pnr
SPECIAL ROUTE ran on machine: lnissrv4 (Linux 4.18.0-348.20.1.el8_5.x86_64 Xeon 3.70Ghz)

Begin option processing ...
srouteConnectPowerBump set to false
routeSpecial set to true
srouteBlockPin set to "useLef"
srouteBottomTargetLayerLimit set to 1
srouteConnectConverterPin set to false
srouteFollowCorePinEnd set to 3
srouteJogControl set to "preferWithChanges differentLayer"
sroutePadPinAllPorts set to true
sroutePreserveExistingRoutes set to true
srouteRoutePowerBarPortOnBothDir set to true
srouteTopTargetLayerLimit set to 8
End option processing: cpu: 0:00:00, real: 0:00:00, peak: 2333.00 megs.

Reading DB technology information...
Finished reading DB technology information.
Reading floorplan and netlist information...
Finished reading floorplan and netlist information.
	199	639	2009	
199	200	300	500	
639	300	400	600	
2009	500	600	800	
Read in 16 layers, 8 routing layers, 1 overlap layer
Read in 1 nondefault rule, 0 used
Read in 919 macros, 25 used
Read in 24 components
  24 core components: 24 unplaced, 0 placed, 0 fixed
Read in 17 logical pins
Read in 17 nets
Read in 2 special nets, 2 routed
Begin power routing ...
**WARN: (IMPSR-1253):	Unable to find any standard cell pin connected to the vdd! net.
 Run the globalNetConnect command or change the CPF file to ensure that the netlist reflects the correct power ground connections. The standard cell pins must be defined as 'USE POWER' or 'USE GROUND' for the connection.
**WARN: (IMPSR-1254):	Unable to connect the specified objects, since block pins of the vdd! net were not found in the design. Check netlist or change the parameter value to include block pins in the design.
**WARN: (IMPSR-1256):	Unable to find any CORE class pad pin of the vdd! net due to unavailability of the pin or check netlist in the routing area or layer. Change routing area or layer to include the expected pin or check netlist. Alternatively, change port class in the technology file.
Type 'man IMPSR-1256' for more detail.
Cannot find any AREAIO class pad pin of net vdd!. Check net list, or change port class in the technology file, or change option to include pin in given range.
**WARN: (IMPSR-1253):	Unable to find any standard cell pin connected to the vss! net.
 Run the globalNetConnect command or change the CPF file to ensure that the netlist reflects the correct power ground connections. The standard cell pins must be defined as 'USE POWER' or 'USE GROUND' for the connection.
**WARN: (IMPSR-1254):	Unable to connect the specified objects, since block pins of the vss! net were not found in the design. Check netlist or change the parameter value to include block pins in the design.
**WARN: (IMPSR-1256):	Unable to find any CORE class pad pin of the vss! net due to unavailability of the pin or check netlist in the routing area or layer. Change routing area or layer to include the expected pin or check netlist. Alternatively, change port class in the technology file.
Type 'man IMPSR-1256' for more detail.
Cannot find any AREAIO class pad pin of net vss!. Check net list, or change port class in the technology file, or change option to include pin in given range.
**WARN: (IMPSR-468):	Cannot find any standard cell pin connected to net vdd!.
Use setSrouteMode -corePinReferenceMacro <standard cell> to specify a reference macro for followpin connection, or run globalNetConnect command or change CPF file to make sure that the netlist reflects the correct power ground connections. The standard cell pins must be defined as "USE POWER" or "USE GROUND".
**WARN: (IMPSR-468):	Cannot find any standard cell pin connected to net vdd!.
Use setSrouteMode -corePinReferenceMacro <standard cell> to specify a reference macro for followpin connection, or run globalNetConnect command or change CPF file to make sure that the netlist reflects the correct power ground connections. The standard cell pins must be defined as "USE POWER" or "USE GROUND".
**WARN: (IMPSR-468):	Cannot find any standard cell pin connected to net vss!.
Use setSrouteMode -corePinReferenceMacro <standard cell> to specify a reference macro for followpin connection, or run globalNetConnect command or change CPF file to make sure that the netlist reflects the correct power ground connections. The standard cell pins must be defined as "USE POWER" or "USE GROUND".
**WARN: (IMPSR-468):	Cannot find any standard cell pin connected to net vss!.
Use setSrouteMode -corePinReferenceMacro <standard cell> to specify a reference macro for followpin connection, or run globalNetConnect command or change CPF file to make sure that the netlist reflects the correct power ground connections. The standard cell pins must be defined as "USE POWER" or "USE GROUND".
**WARN: (IMPSR-468):	Cannot find any standard cell pin connected to net vdd!.
Use setSrouteMode -corePinReferenceMacro <standard cell> to specify a reference macro for followpin connection, or run globalNetConnect command or change CPF file to make sure that the netlist reflects the correct power ground connections. The standard cell pins must be defined as "USE POWER" or "USE GROUND".
**WARN: (IMPSR-468):	Cannot find any standard cell pin connected to net vdd!.
Use setSrouteMode -corePinReferenceMacro <standard cell> to specify a reference macro for followpin connection, or run globalNetConnect command or change CPF file to make sure that the netlist reflects the correct power ground connections. The standard cell pins must be defined as "USE POWER" or "USE GROUND".
CPU time for FollowPin 0 seconds
**WARN: (IMPSR-468):	Cannot find any standard cell pin connected to net vss!.
Use setSrouteMode -corePinReferenceMacro <standard cell> to specify a reference macro for followpin connection, or run globalNetConnect command or change CPF file to make sure that the netlist reflects the correct power ground connections. The standard cell pins must be defined as "USE POWER" or "USE GROUND".
**WARN: (IMPSR-468):	Cannot find any standard cell pin connected to net vss!.
Use setSrouteMode -corePinReferenceMacro <standard cell> to specify a reference macro for followpin connection, or run globalNetConnect command or change CPF file to make sure that the netlist reflects the correct power ground connections. The standard cell pins must be defined as "USE POWER" or "USE GROUND".
CPU time for FollowPin 0 seconds
  Number of IO ports routed: 0
  Number of Block ports routed: 0
  Number of Stripe ports routed: 0
  Number of Core ports routed: 24
  Number of Pad ports routed: 0
  Number of Power Bump ports routed: 0
  Number of Followpin connections: 12
End power routing: cpu: 0:00:01, real: 0:00:00, peak: 2377.00 megs.



 Begin updating DB with routing results ...
 Updating DB with 8 via definition ...Extracting standard cell pins and blockage ...... 
Pin and blockage extraction finished


sroute post-processing starts at Sun May  8 19:58:07 2022
The viaGen is rebuilding shadow vias for net vdd!.
sroute post-processing ends at Sun May  8 19:58:07 2022
sroute created 42 wires.
ViaGen created 92 vias, deleted 0 via to avoid violation.
+--------+----------------+----------------+
|  Layer |     Created    |     Deleted    |
+--------+----------------+----------------+
|   M1   |       40       |       NA       |
|   V1   |       14       |        0       |
|   M2   |        2       |       NA       |
|   V2   |       14       |        0       |
|   V3   |       14       |        0       |
|   WT   |       14       |        0       |
|   WA   |       14       |        0       |
|   WB   |       14       |        0       |
|   VV   |        8       |        0       |
+--------+----------------+----------------+
#% End sroute (date=05/08 19:58:07, total cpu=0:00:00.8, real=0:00:01.0, peak res=1240.7M, current mem=1227.0M)
<CMD> fit

*** Memory Usage v#1 (Current mem = 1223.199M, initial mem = 298.191M) ***
*** Message Summary: 72 warning(s), 0 error(s)

--- Ending "Innovus" (totcpu=0:00:20.8, real=0:01:23, mem=1223.2M) ---
